<?xml version="1.0" encoding="UTF-8"?>
<!-- Generated by org.testng.reporters.JUnitReportReporter -->
<testsuite hostname="LAPTOP-ECSK3I10" failures="0" tests="1" name="com.crm.qa.testcases.registerTest" time="11.281" errors="0" timestamp="2023-12-18T18:30:56 IST" skipped="0">
  <testcase classname="com.crm.qa.testcases.registerTest" name="Register" time="11.281"/>
  <system-out/>
</testsuite> <!-- com.crm.qa.testcases.registerTest -->
