<?xml version="1.0" encoding="UTF-8"?>
<!-- Generated by org.testng.reporters.JUnitReportReporter -->
<testsuite hostname="LAPTOP-ECSK3I10" failures="0" tests="1" name="com.crm.qa.testcases.registerTest" time="7.131" errors="0" timestamp="2023-11-22T19:09:05 IST" skipped="0">
  <testcase classname="com.crm.qa.testcases.registerTest" name="Register" time="7.131"/>
  <system-out/>
</testsuite> <!-- com.crm.qa.testcases.registerTest -->
