<?xml version="1.0" encoding="UTF-8"?>
<!-- Generated by org.testng.reporters.JUnitReportReporter -->
<testsuite hostname="LAPTOP-ECSK3I10" failures="0" tests="2" name="com.crm.qa.testcases.LoginPageTest" time="24.118" errors="0" timestamp="2023-11-07T18:31:21 IST" skipped="0">
  <testcase classname="com.crm.qa.testcases.LoginPageTest" name="loginPageTitleTest" time="12.196"/>
  <system-out/>
  <testcase classname="com.crm.qa.testcases.LoginPageTest" name="loginTest" time="11.922"/>
  <system-out/>
</testsuite> <!-- com.crm.qa.testcases.LoginPageTest -->
