<?xml version="1.0" encoding="UTF-8"?>
<!-- Generated by org.testng.reporters.JUnitReportReporter -->
<testsuite hostname="LAPTOP-ECSK3I10" failures="0" tests="1" name="com.crm.qa.testcases.registerTest" time="7.601" errors="0" timestamp="2023-11-20T19:36:30 IST" skipped="0">
  <testcase classname="com.crm.qa.testcases.registerTest" name="applyforleave" time="7.601"/>
  <system-out/>
</testsuite> <!-- com.crm.qa.testcases.registerTest -->
